<?xml version="1.0" encoding="UTF-8"?>
<!-- Generated by org.testng.reporters.JUnitXMLReporter -->
<testsuite ignored="0" hostname="RP" failures="0" tests="4" name="Default test" time="11.524" errors="0" timestamp="2025-02-07T11:08:00 IST">
  <testcase classname="api.testCases.userTest2" name="testCreateUser" time="4.654"/>
  <testcase classname="api.testCases.userTest2" name="testGetUserData" time="1.431"/>
  <testcase classname="api.testCases.userTest2" name="testUpdateUser" time="2.78"/>
  <testcase classname="api.testCases.userTest2" name="testDeleteUser" time="1.217"/>
</testsuite> <!-- Default test -->
