<?xml version="1.0" encoding="UTF-8"?>
<!-- Generated by org.testng.reporters.JUnitXMLReporter -->
<testsuite ignored="0" hostname="RP" failures="0" tests="4" name="Test" time="12.698" errors="0" timestamp="2025-02-07T10:47:36 IST">
  <testcase classname="api.testCases.userTest" name="testCreateUser" time="4.363"/>
  <testcase classname="api.testCases.userTest" name="testGetUserData" time="1.65"/>
  <testcase classname="api.testCases.userTest" name="testUpdateUser" time="3.295"/>
  <testcase classname="api.testCases.userTest" name="testDeleteUser" time="1.708"/>
</testsuite> <!-- Test -->
