<?xml version="1.0" encoding="UTF-8"?>
<!-- Generated by org.testng.reporters.JUnitXMLReporter -->
<testsuite ignored="0" hostname="RP" failures="0" tests="4" name="Test" time="9.22" errors="0" timestamp="2025-02-07T11:51:17 IST">
  <testcase classname="api.testCases.userTest" name="testCreateUser" time="3.283"/>
  <testcase classname="api.testCases.userTest" name="testGetUserData" time="1.235"/>
  <testcase classname="api.testCases.userTest" name="testUpdateUser" time="2.464"/>
  <testcase classname="api.testCases.userTest" name="testDeleteUser" time="1.23"/>
</testsuite> <!-- Test -->
