<?xml version="1.0" encoding="UTF-8"?>
<!-- Generated by org.testng.reporters.JUnitXMLReporter -->
<testsuite ignored="0" hostname="RP" failures="0" tests="4" name="Test" time="13.638" errors="0" timestamp="2025-02-07T15:20:29 IST">
  <testcase classname="api.testCases.userTest" name="testCreateUser" time="5.094"/>
  <testcase classname="api.testCases.userTest" name="testGetUserData" time="1.885"/>
  <testcase classname="api.testCases.userTest" name="testUpdateUser" time="3.632"/>
  <testcase classname="api.testCases.userTest" name="testDeleteUser" time="1.702"/>
</testsuite> <!-- Test -->
