<?xml version="1.0" encoding="UTF-8"?>
<testng-results ignored="0" total="4" passed="4" failed="0" skipped="0">
  <reporter-output>
  </reporter-output>
  <suite started-at="2025-02-07T15:16:41 IST" name="Suite" finished-at="2025-02-07T15:16:56 IST" duration-ms="14956">
    <groups>
    </groups>
    <test started-at="2025-02-07T15:16:41 IST" name="Test" finished-at="2025-02-07T15:16:56 IST" duration-ms="14956">
      <class name="api.testCases.userTest">
        <test-method is-config="true" signature="generateTestData()[pri:0, instance:api.testCases.userTest@7c729a55]" started-at="2025-02-07T15:16:42 IST" name="generateTestData" finished-at="2025-02-07T15:16:43 IST" duration-ms="1040" status="PASS">
          <reporter-output>
          </reporter-output>
        </test-method> <!-- generateTestData -->
        <test-method signature="testCreateUser()[pri:1, instance:api.testCases.userTest@7c729a55]" started-at="2025-02-07T15:16:43 IST" name="testCreateUser" finished-at="2025-02-07T15:16:48 IST" duration-ms="4897" status="PASS">
          <reporter-output>
          </reporter-output>
        </test-method> <!-- testCreateUser -->
        <test-method signature="testGetUserData()[pri:2, instance:api.testCases.userTest@7c729a55]" started-at="2025-02-07T15:16:48 IST" name="testGetUserData" finished-at="2025-02-07T15:16:50 IST" duration-ms="2528" status="PASS">
          <reporter-output>
          </reporter-output>
        </test-method> <!-- testGetUserData -->
        <test-method signature="testUpdateUser()[pri:3, instance:api.testCases.userTest@7c729a55]" started-at="2025-02-07T15:16:50 IST" name="testUpdateUser" finished-at="2025-02-07T15:16:53 IST" duration-ms="3306" status="PASS">
          <reporter-output>
          </reporter-output>
        </test-method> <!-- testUpdateUser -->
        <test-method signature="testDeleteUser()[pri:4, instance:api.testCases.userTest@7c729a55]" started-at="2025-02-07T15:16:53 IST" name="testDeleteUser" finished-at="2025-02-07T15:16:56 IST" duration-ms="2801" status="PASS">
          <reporter-output>
          </reporter-output>
        </test-method> <!-- testDeleteUser -->
      </class> <!-- api.testCases.userTest -->
    </test> <!-- Test -->
  </suite> <!-- Suite -->
</testng-results>
